[0.110s] DEBUG:colcon:Command line arguments: ['/usr/bin/colcon', 'build', '--packages-select', 'el7009_diff_drive_robot']
[0.110s] DEBUG:colcon:Parsed command line arguments: Namespace(log_base=None, log_level=None, verb_name='build', build_base='build', install_base='install', merge_install=False, symlink_install=False, test_result_base=None, continue_on_error=False, executor='parallel', parallel_workers=12, event_handlers=None, ignore_user_meta=False, metas=['./colcon.meta'], base_paths=['.'], packages_ignore=None, packages_ignore_regex=None, paths=None, packages_up_to=None, packages_up_to_regex=None, packages_above=None, packages_above_and_dependencies=None, packages_above_depth=None, packages_select_by_dep=None, packages_skip_by_dep=None, packages_skip_up_to=None, packages_select_build_failed=False, packages_skip_build_finished=False, packages_select_test_failures=False, packages_skip_test_passed=False, packages_select=['el7009_diff_drive_robot'], packages_skip=None, packages_select_regex=None, packages_skip_regex=None, packages_start=None, packages_end=None, allow_overriding=[], cmake_args=None, cmake_target=None, cmake_target_skip_unavailable=False, cmake_clean_cache=False, cmake_clean_first=False, cmake_force_configure=False, ament_cmake_args=None, catkin_cmake_args=None, catkin_skip_building_tests=False, mixin_files=None, mixin=None, verb_parser=<colcon_mixin.mixin.mixin_argument.MixinArgumentDecorator object at 0x7ed447821e20>, verb_extension=<colcon_core.verb.build.BuildVerb object at 0x7ed4478896d0>, main=<bound method BuildVerb.main of <colcon_core.verb.build.BuildVerb object at 0x7ed4478896d0>>, mixin_verb=('build',))
[0.148s] Level 1:colcon.colcon_core.package_discovery:discover_packages(colcon_meta) check parameters
[0.148s] Level 1:colcon.colcon_core.package_discovery:discover_packages(recursive) check parameters
[0.148s] Level 1:colcon.colcon_core.package_discovery:discover_packages(ignore) check parameters
[0.148s] Level 1:colcon.colcon_core.package_discovery:discover_packages(path) check parameters
[0.148s] Level 1:colcon.colcon_core.package_discovery:discover_packages(colcon_meta) discover
[0.148s] Level 1:colcon.colcon_core.package_discovery:discover_packages(recursive) discover
[0.148s] INFO:colcon.colcon_core.package_discovery:Crawling recursively for packages in '/home/sahian/EL7009/proyecto_v2/el7009_diff_drive_robot'
[0.149s] Level 1:colcon.colcon_core.package_identification:_identify(.) by extensions ['ignore', 'ignore_ament_install']
[0.149s] Level 1:colcon.colcon_core.package_identification:_identify(.) by extension 'ignore'
[0.149s] Level 1:colcon.colcon_core.package_identification:_identify(.) by extension 'ignore_ament_install'
[0.149s] Level 1:colcon.colcon_core.package_identification:_identify(.) by extensions ['colcon_pkg']
[0.149s] Level 1:colcon.colcon_core.package_identification:_identify(.) by extension 'colcon_pkg'
[0.149s] Level 1:colcon.colcon_core.package_identification:_identify(.) by extensions ['colcon_meta']
[0.149s] Level 1:colcon.colcon_core.package_identification:_identify(.) by extension 'colcon_meta'
[0.149s] Level 1:colcon.colcon_core.package_identification:_identify(.) by extensions ['ros']
[0.149s] Level 1:colcon.colcon_core.package_identification:_identify(.) by extension 'ros'
[0.177s] DEBUG:colcon.colcon_core.package_identification:Package '.' with type 'ros.ament_cmake' and name 'el7009_diff_drive_robot'
[0.177s] Level 1:colcon.colcon_core.package_discovery:discover_packages(recursive) using defaults
[0.177s] Level 1:colcon.colcon_core.package_discovery:discover_packages(ignore) discover
[0.178s] Level 1:colcon.colcon_core.package_discovery:discover_packages(ignore) using defaults
[0.178s] Level 1:colcon.colcon_core.package_discovery:discover_packages(path) discover
[0.178s] Level 1:colcon.colcon_core.package_discovery:discover_packages(path) using defaults
[0.196s] Level 1:colcon.colcon_core.package_discovery:discover_packages(prefix_path) check parameters
[0.196s] Level 1:colcon.colcon_core.package_discovery:discover_packages(prefix_path) discover
[0.197s] WARNING:colcon.colcon_ros.prefix_path.ament:The path '/home/sahian/EL7009/proyecto_v2/el7009_diff_drive_robot/install/el7009_diff_drive_robot' in the environment variable AMENT_PREFIX_PATH doesn't exist
[0.197s] WARNING:colcon.colcon_ros.prefix_path.catkin:The path '/home/sahian/EL7009/proyecto_v2/el7009_diff_drive_robot/install/el7009_diff_drive_robot' in the environment variable CMAKE_PREFIX_PATH doesn't exist
[0.198s] DEBUG:colcon.colcon_installed_package_information.package_discovery:Found 0 installed packages in /home/sahian/EL7009/proyecto_v2/el7009_diff_drive_robot/install
[0.198s] DEBUG:colcon.colcon_installed_package_information.package_discovery:Found 1 installed packages in /home/sahian/EL7009/proyecto_v2/install
[0.198s] DEBUG:colcon.colcon_installed_package_information.package_discovery:Found 1 installed packages in /home/sahian/EL7009/proyecto/install
[0.201s] DEBUG:colcon.colcon_installed_package_information.package_discovery:Found 498 installed packages in /opt/ros/jazzy
[0.203s] Level 1:colcon.colcon_core.package_discovery:discover_packages(prefix_path) using defaults
[0.266s] Level 5:colcon.colcon_core.verb:set package 'el7009_diff_drive_robot' build argument 'cmake_args' from command line to 'None'
[0.266s] Level 5:colcon.colcon_core.verb:set package 'el7009_diff_drive_robot' build argument 'cmake_target' from command line to 'None'
[0.266s] Level 5:colcon.colcon_core.verb:set package 'el7009_diff_drive_robot' build argument 'cmake_target_skip_unavailable' from command line to 'False'
[0.266s] Level 5:colcon.colcon_core.verb:set package 'el7009_diff_drive_robot' build argument 'cmake_clean_cache' from command line to 'False'
[0.266s] Level 5:colcon.colcon_core.verb:set package 'el7009_diff_drive_robot' build argument 'cmake_clean_first' from command line to 'False'
[0.266s] Level 5:colcon.colcon_core.verb:set package 'el7009_diff_drive_robot' build argument 'cmake_force_configure' from command line to 'False'
[0.266s] Level 5:colcon.colcon_core.verb:set package 'el7009_diff_drive_robot' build argument 'ament_cmake_args' from command line to 'None'
[0.266s] Level 5:colcon.colcon_core.verb:set package 'el7009_diff_drive_robot' build argument 'catkin_cmake_args' from command line to 'None'
[0.266s] Level 5:colcon.colcon_core.verb:set package 'el7009_diff_drive_robot' build argument 'catkin_skip_building_tests' from command line to 'False'
[0.266s] DEBUG:colcon.colcon_core.verb:Building package 'el7009_diff_drive_robot' with the following arguments: {'ament_cmake_args': None, 'build_base': '/home/sahian/EL7009/proyecto_v2/el7009_diff_drive_robot/build/el7009_diff_drive_robot', 'catkin_cmake_args': None, 'catkin_skip_building_tests': False, 'cmake_args': None, 'cmake_clean_cache': False, 'cmake_clean_first': False, 'cmake_force_configure': False, 'cmake_target': None, 'cmake_target_skip_unavailable': False, 'install_base': '/home/sahian/EL7009/proyecto_v2/el7009_diff_drive_robot/install/el7009_diff_drive_robot', 'merge_install': False, 'path': '/home/sahian/EL7009/proyecto_v2/el7009_diff_drive_robot', 'symlink_install': False, 'test_result_base': None}
[0.266s] INFO:colcon.colcon_core.executor:Executing jobs using 'parallel' executor
[0.267s] DEBUG:colcon.colcon_parallel_executor.executor.parallel:run_until_complete
[0.268s] INFO:colcon.colcon_ros.task.ament_cmake.build:Building ROS package in '/home/sahian/EL7009/proyecto_v2/el7009_diff_drive_robot' with build type 'ament_cmake'
[0.268s] INFO:colcon.colcon_cmake.task.cmake.build:Building CMake package in '/home/sahian/EL7009/proyecto_v2/el7009_diff_drive_robot'
[0.270s] INFO:colcon.colcon_core.plugin_system:Skipping extension 'colcon_core.shell.bat': Not used on non-Windows systems
[0.270s] INFO:colcon.colcon_core.shell:Skip shell extension 'powershell' for command environment: Not usable outside of PowerShell
[0.270s] DEBUG:colcon.colcon_core.shell:Skip shell extension 'dsv' for command environment
[0.281s] DEBUG:colcon.colcon_core.event_handler.log_command:Invoking command in '/home/sahian/EL7009/proyecto_v2/el7009_diff_drive_robot/build/el7009_diff_drive_robot': CMAKE_PREFIX_PATH=${CMAKE_PREFIX_PATH}:/opt/ros/jazzy DEBUGINFOD_URLS=https://debuginfod.ubuntu.com /usr/bin/cmake /home/sahian/EL7009/proyecto_v2/el7009_diff_drive_robot -DCMAKE_INSTALL_PREFIX=/home/sahian/EL7009/proyecto_v2/el7009_diff_drive_robot/install/el7009_diff_drive_robot
[1.508s] DEBUG:colcon.colcon_core.event_handler.log_command:Invoked command in '/home/sahian/EL7009/proyecto_v2/el7009_diff_drive_robot/build/el7009_diff_drive_robot' returned '0': CMAKE_PREFIX_PATH=${CMAKE_PREFIX_PATH}:/opt/ros/jazzy DEBUGINFOD_URLS=https://debuginfod.ubuntu.com /usr/bin/cmake /home/sahian/EL7009/proyecto_v2/el7009_diff_drive_robot -DCMAKE_INSTALL_PREFIX=/home/sahian/EL7009/proyecto_v2/el7009_diff_drive_robot/install/el7009_diff_drive_robot
[1.509s] DEBUG:colcon.colcon_core.event_handler.log_command:Invoking command in '/home/sahian/EL7009/proyecto_v2/el7009_diff_drive_robot/build/el7009_diff_drive_robot': CMAKE_PREFIX_PATH=${CMAKE_PREFIX_PATH}:/opt/ros/jazzy DEBUGINFOD_URLS=https://debuginfod.ubuntu.com /usr/bin/cmake --build /home/sahian/EL7009/proyecto_v2/el7009_diff_drive_robot/build/el7009_diff_drive_robot -- -j12 -l12
[1.592s] DEBUG:colcon.colcon_core.event_handler.log_command:Invoked command in '/home/sahian/EL7009/proyecto_v2/el7009_diff_drive_robot/build/el7009_diff_drive_robot' returned '0': CMAKE_PREFIX_PATH=${CMAKE_PREFIX_PATH}:/opt/ros/jazzy DEBUGINFOD_URLS=https://debuginfod.ubuntu.com /usr/bin/cmake --build /home/sahian/EL7009/proyecto_v2/el7009_diff_drive_robot/build/el7009_diff_drive_robot -- -j12 -l12
[1.614s] DEBUG:colcon.colcon_core.event_handler.log_command:Invoking command in '/home/sahian/EL7009/proyecto_v2/el7009_diff_drive_robot/build/el7009_diff_drive_robot': CMAKE_PREFIX_PATH=${CMAKE_PREFIX_PATH}:/opt/ros/jazzy DEBUGINFOD_URLS=https://debuginfod.ubuntu.com /usr/bin/cmake --install /home/sahian/EL7009/proyecto_v2/el7009_diff_drive_robot/build/el7009_diff_drive_robot
[1.640s] Level 1:colcon.colcon_core.environment:create_environment_scripts_only(el7009_diff_drive_robot)
[1.641s] DEBUG:colcon.colcon_core.event_handler.log_command:Invoked command in '/home/sahian/EL7009/proyecto_v2/el7009_diff_drive_robot/build/el7009_diff_drive_robot' returned '0': CMAKE_PREFIX_PATH=${CMAKE_PREFIX_PATH}:/opt/ros/jazzy DEBUGINFOD_URLS=https://debuginfod.ubuntu.com /usr/bin/cmake --install /home/sahian/EL7009/proyecto_v2/el7009_diff_drive_robot/build/el7009_diff_drive_robot
[1.642s] Level 1:colcon.colcon_core.environment:checking '/home/sahian/EL7009/proyecto_v2/el7009_diff_drive_robot/install/el7009_diff_drive_robot' for CMake module files
[1.643s] Level 1:colcon.colcon_core.environment:checking '/home/sahian/EL7009/proyecto_v2/el7009_diff_drive_robot/install/el7009_diff_drive_robot' for CMake config files
[1.643s] Level 1:colcon.colcon_core.shell:create_environment_hook('el7009_diff_drive_robot', 'cmake_prefix_path')
[1.643s] INFO:colcon.colcon_core.shell:Creating environment hook '/home/sahian/EL7009/proyecto_v2/el7009_diff_drive_robot/install/el7009_diff_drive_robot/share/el7009_diff_drive_robot/hook/cmake_prefix_path.ps1'
[1.644s] INFO:colcon.colcon_core.shell:Creating environment descriptor '/home/sahian/EL7009/proyecto_v2/el7009_diff_drive_robot/install/el7009_diff_drive_robot/share/el7009_diff_drive_robot/hook/cmake_prefix_path.dsv'
[1.644s] INFO:colcon.colcon_core.shell:Creating environment hook '/home/sahian/EL7009/proyecto_v2/el7009_diff_drive_robot/install/el7009_diff_drive_robot/share/el7009_diff_drive_robot/hook/cmake_prefix_path.sh'
[1.645s] Level 1:colcon.colcon_core.environment:checking '/home/sahian/EL7009/proyecto_v2/el7009_diff_drive_robot/install/el7009_diff_drive_robot/lib'
[1.645s] Level 1:colcon.colcon_core.environment:checking '/home/sahian/EL7009/proyecto_v2/el7009_diff_drive_robot/install/el7009_diff_drive_robot/bin'
[1.645s] Level 1:colcon.colcon_core.environment:checking '/home/sahian/EL7009/proyecto_v2/el7009_diff_drive_robot/install/el7009_diff_drive_robot/lib/pkgconfig/el7009_diff_drive_robot.pc'
[1.646s] Level 1:colcon.colcon_core.environment:checking '/home/sahian/EL7009/proyecto_v2/el7009_diff_drive_robot/install/el7009_diff_drive_robot/lib/python3.12/site-packages'
[1.646s] Level 1:colcon.colcon_core.environment:checking '/home/sahian/EL7009/proyecto_v2/el7009_diff_drive_robot/install/el7009_diff_drive_robot/bin'
[1.646s] INFO:colcon.colcon_core.shell:Creating package script '/home/sahian/EL7009/proyecto_v2/el7009_diff_drive_robot/install/el7009_diff_drive_robot/share/el7009_diff_drive_robot/package.ps1'
[1.647s] INFO:colcon.colcon_core.shell:Creating package descriptor '/home/sahian/EL7009/proyecto_v2/el7009_diff_drive_robot/install/el7009_diff_drive_robot/share/el7009_diff_drive_robot/package.dsv'
[1.648s] INFO:colcon.colcon_core.shell:Creating package script '/home/sahian/EL7009/proyecto_v2/el7009_diff_drive_robot/install/el7009_diff_drive_robot/share/el7009_diff_drive_robot/package.sh'
[1.648s] INFO:colcon.colcon_core.shell:Creating package script '/home/sahian/EL7009/proyecto_v2/el7009_diff_drive_robot/install/el7009_diff_drive_robot/share/el7009_diff_drive_robot/package.bash'
[1.649s] INFO:colcon.colcon_core.shell:Creating package script '/home/sahian/EL7009/proyecto_v2/el7009_diff_drive_robot/install/el7009_diff_drive_robot/share/el7009_diff_drive_robot/package.zsh'
[1.649s] Level 1:colcon.colcon_core.environment:create_file_with_runtime_dependencies(/home/sahian/EL7009/proyecto_v2/el7009_diff_drive_robot/install/el7009_diff_drive_robot/share/colcon-core/packages/el7009_diff_drive_robot)
[1.650s] Level 1:colcon.colcon_core.environment:create_environment_scripts_only(el7009_diff_drive_robot)
[1.650s] Level 1:colcon.colcon_core.environment:checking '/home/sahian/EL7009/proyecto_v2/el7009_diff_drive_robot/install/el7009_diff_drive_robot' for CMake module files
[1.650s] Level 1:colcon.colcon_core.environment:checking '/home/sahian/EL7009/proyecto_v2/el7009_diff_drive_robot/install/el7009_diff_drive_robot' for CMake config files
[1.651s] Level 1:colcon.colcon_core.shell:create_environment_hook('el7009_diff_drive_robot', 'cmake_prefix_path')
[1.651s] INFO:colcon.colcon_core.shell:Creating environment hook '/home/sahian/EL7009/proyecto_v2/el7009_diff_drive_robot/install/el7009_diff_drive_robot/share/el7009_diff_drive_robot/hook/cmake_prefix_path.ps1'
[1.652s] INFO:colcon.colcon_core.shell:Creating environment descriptor '/home/sahian/EL7009/proyecto_v2/el7009_diff_drive_robot/install/el7009_diff_drive_robot/share/el7009_diff_drive_robot/hook/cmake_prefix_path.dsv'
[1.653s] INFO:colcon.colcon_core.shell:Creating environment hook '/home/sahian/EL7009/proyecto_v2/el7009_diff_drive_robot/install/el7009_diff_drive_robot/share/el7009_diff_drive_robot/hook/cmake_prefix_path.sh'
[1.654s] Level 1:colcon.colcon_core.environment:checking '/home/sahian/EL7009/proyecto_v2/el7009_diff_drive_robot/install/el7009_diff_drive_robot/lib'
[1.654s] Level 1:colcon.colcon_core.environment:checking '/home/sahian/EL7009/proyecto_v2/el7009_diff_drive_robot/install/el7009_diff_drive_robot/bin'
[1.654s] Level 1:colcon.colcon_core.environment:checking '/home/sahian/EL7009/proyecto_v2/el7009_diff_drive_robot/install/el7009_diff_drive_robot/lib/pkgconfig/el7009_diff_drive_robot.pc'
[1.654s] Level 1:colcon.colcon_core.environment:checking '/home/sahian/EL7009/proyecto_v2/el7009_diff_drive_robot/install/el7009_diff_drive_robot/lib/python3.12/site-packages'
[1.655s] Level 1:colcon.colcon_core.environment:checking '/home/sahian/EL7009/proyecto_v2/el7009_diff_drive_robot/install/el7009_diff_drive_robot/bin'
[1.655s] INFO:colcon.colcon_core.shell:Creating package script '/home/sahian/EL7009/proyecto_v2/el7009_diff_drive_robot/install/el7009_diff_drive_robot/share/el7009_diff_drive_robot/package.ps1'
[1.656s] INFO:colcon.colcon_core.shell:Creating package descriptor '/home/sahian/EL7009/proyecto_v2/el7009_diff_drive_robot/install/el7009_diff_drive_robot/share/el7009_diff_drive_robot/package.dsv'
[1.657s] INFO:colcon.colcon_core.shell:Creating package script '/home/sahian/EL7009/proyecto_v2/el7009_diff_drive_robot/install/el7009_diff_drive_robot/share/el7009_diff_drive_robot/package.sh'
[1.658s] INFO:colcon.colcon_core.shell:Creating package script '/home/sahian/EL7009/proyecto_v2/el7009_diff_drive_robot/install/el7009_diff_drive_robot/share/el7009_diff_drive_robot/package.bash'
[1.658s] INFO:colcon.colcon_core.shell:Creating package script '/home/sahian/EL7009/proyecto_v2/el7009_diff_drive_robot/install/el7009_diff_drive_robot/share/el7009_diff_drive_robot/package.zsh'
[1.659s] Level 1:colcon.colcon_core.environment:create_file_with_runtime_dependencies(/home/sahian/EL7009/proyecto_v2/el7009_diff_drive_robot/install/el7009_diff_drive_robot/share/colcon-core/packages/el7009_diff_drive_robot)
[1.659s] DEBUG:colcon.colcon_parallel_executor.executor.parallel:closing loop
[1.660s] DEBUG:colcon.colcon_parallel_executor.executor.parallel:loop closed
[1.660s] DEBUG:colcon.colcon_parallel_executor.executor.parallel:run_until_complete finished with '0'
[1.660s] DEBUG:colcon.colcon_core.event_reactor:joining thread
[1.670s] INFO:colcon.colcon_core.plugin_system:Skipping extension 'colcon_notification.desktop_notification.terminal_notifier': Not used on non-Darwin systems
[1.671s] INFO:colcon.colcon_core.plugin_system:Skipping extension 'colcon_notification.desktop_notification.win32': Not used on non-Windows systems
[1.671s] INFO:colcon.colcon_notification.desktop_notification:Sending desktop notification using 'notify2'
[1.704s] DEBUG:colcon.colcon_core.event_reactor:joined thread
[1.704s] INFO:colcon.colcon_core.shell:Creating prefix script '/home/sahian/EL7009/proyecto_v2/el7009_diff_drive_robot/install/local_setup.ps1'
[1.706s] INFO:colcon.colcon_core.shell:Creating prefix util module '/home/sahian/EL7009/proyecto_v2/el7009_diff_drive_robot/install/_local_setup_util_ps1.py'
[1.708s] INFO:colcon.colcon_core.shell:Creating prefix chain script '/home/sahian/EL7009/proyecto_v2/el7009_diff_drive_robot/install/setup.ps1'
[1.711s] INFO:colcon.colcon_core.shell:Creating prefix script '/home/sahian/EL7009/proyecto_v2/el7009_diff_drive_robot/install/local_setup.sh'
[1.712s] INFO:colcon.colcon_core.shell:Creating prefix util module '/home/sahian/EL7009/proyecto_v2/el7009_diff_drive_robot/install/_local_setup_util_sh.py'
[1.713s] INFO:colcon.colcon_core.shell:Creating prefix chain script '/home/sahian/EL7009/proyecto_v2/el7009_diff_drive_robot/install/setup.sh'
[1.715s] INFO:colcon.colcon_core.shell:Creating prefix script '/home/sahian/EL7009/proyecto_v2/el7009_diff_drive_robot/install/local_setup.bash'
[1.716s] INFO:colcon.colcon_core.shell:Creating prefix chain script '/home/sahian/EL7009/proyecto_v2/el7009_diff_drive_robot/install/setup.bash'
[1.718s] INFO:colcon.colcon_core.shell:Creating prefix script '/home/sahian/EL7009/proyecto_v2/el7009_diff_drive_robot/install/local_setup.zsh'
[1.719s] INFO:colcon.colcon_core.shell:Creating prefix chain script '/home/sahian/EL7009/proyecto_v2/el7009_diff_drive_robot/install/setup.zsh'
